[backblue.gif]
[fade.gif]
[index.html]
[assets.groovy.bot/groovy_rounded.png]
[groovy.bot/img/favicon.ico]
[groovy.bot/_nuxt/manifest.f67db27c.json]
[groovy.bot/_nuxt/d5e5bd4a8c81215d7ada.js]
[groovy.bot/_nuxt/6726a615e7a43c1a3aac.js]
[groovy.bot/_nuxt/fa57de1f99336c39e31a.js]
[groovy.bot/_nuxt/f0a2fca4338ced36b911.js]
[groovy.bot/_nuxt/f3db62502fcb63686ad2.js]
[ajax.cloudflare.com/cdn-cgi/scripts/a2bd7673/cloudflare-static/rocket-loader.min.js]
[groovy.bot/index.html]
[use.fontawesome.com/releases/v5.7.1/css/all.css]
[groovy.bot/img/background.svg]
[groovy.bot/_nuxt/06b1dc6c0a4b331b993f.js]
[groovy.bot/commands.html]
[groovy.bot/_nuxt/c338405edfdb207f319f.js]
[groovy.bot/premium.html]
[groovy.bot/img/groovy_rounded.svg]
[groovy.bot/_nuxt/65f8228c174019baac39.js]
[groovy.bot/img/avatars/nik.png]
[groovy.bot/img/avatars/rxsto.png]
[groovy.bot/img/avatars/raven.png]
[groovy.bot/team.html]
[groovy.bot/img/groovybackground_grey3.gif]
